Start testing: May 26 12:58 EDT
----------------------------------------------------------
1/3 Testing: MD5.EmptyString
1/3 Test: MD5.EmptyString
Command: "/Volumes/DockDrive/github/teaching/guided_repos/Hashing-In-CPP-Language/build/tests/hashlib_tests" "--gtest_filter=MD5.EmptyString" "--gtest_also_run_disabled_tests"
Directory: /Volumes/DockDrive/github/teaching/guided_repos/Hashing-In-CPP-Language/build/tests
"MD5.EmptyString" start time: May 26 12:58 EDT
Output:
----------------------------------------------------------
Running main() from /Volumes/DockDrive/github/teaching/guided_repos/Hashing-In-CPP-Language/build/_deps/googletest-src/googletest/src/gtest_main.cc
Note: Google Test filter = MD5.EmptyString
[==========] Running 1 test from 1 test suite.
[----------] Global test environment set-up.
[----------] 1 test from MD5
[ RUN      ] MD5.EmptyString
[       OK ] MD5.EmptyString (0 ms)
[----------] 1 test from MD5 (0 ms total)

[----------] Global test environment tear-down
[==========] 1 test from 1 test suite ran. (0 ms total)
[  PASSED  ] 1 test.
<end of output>
Test time =   0.02 sec
----------------------------------------------------------
Test Passed.
"MD5.EmptyString" end time: May 26 12:58 EDT
"MD5.EmptyString" time elapsed: 00:00:00
----------------------------------------------------------

2/3 Testing: MD5.ABC
2/3 Test: MD5.ABC
Command: "/Volumes/DockDrive/github/teaching/guided_repos/Hashing-In-CPP-Language/build/tests/hashlib_tests" "--gtest_filter=MD5.ABC" "--gtest_also_run_disabled_tests"
Directory: /Volumes/DockDrive/github/teaching/guided_repos/Hashing-In-CPP-Language/build/tests
"MD5.ABC" start time: May 26 12:58 EDT
Output:
----------------------------------------------------------
Running main() from /Volumes/DockDrive/github/teaching/guided_repos/Hashing-In-CPP-Language/build/_deps/googletest-src/googletest/src/gtest_main.cc
Note: Google Test filter = MD5.ABC
[==========] Running 1 test from 1 test suite.
[----------] Global test environment set-up.
[----------] 1 test from MD5
[ RUN      ] MD5.ABC
[       OK ] MD5.ABC (0 ms)
[----------] 1 test from MD5 (0 ms total)

[----------] Global test environment tear-down
[==========] 1 test from 1 test suite ran. (0 ms total)
[  PASSED  ] 1 test.
<end of output>
Test time =   0.01 sec
----------------------------------------------------------
Test Passed.
"MD5.ABC" end time: May 26 12:58 EDT
"MD5.ABC" time elapsed: 00:00:00
----------------------------------------------------------

3/3 Testing: MD5.IStreamConstructor
3/3 Test: MD5.IStreamConstructor
Command: "/Volumes/DockDrive/github/teaching/guided_repos/Hashing-In-CPP-Language/build/tests/hashlib_tests" "--gtest_filter=MD5.IStreamConstructor" "--gtest_also_run_disabled_tests"
Directory: /Volumes/DockDrive/github/teaching/guided_repos/Hashing-In-CPP-Language/build/tests
"MD5.IStreamConstructor" start time: May 26 12:58 EDT
Output:
----------------------------------------------------------
Running main() from /Volumes/DockDrive/github/teaching/guided_repos/Hashing-In-CPP-Language/build/_deps/googletest-src/googletest/src/gtest_main.cc
Note: Google Test filter = MD5.IStreamConstructor
[==========] Running 1 test from 1 test suite.
[----------] Global test environment set-up.
[----------] 1 test from MD5
[ RUN      ] MD5.IStreamConstructor
[       OK ] MD5.IStreamConstructor (0 ms)
[----------] 1 test from MD5 (0 ms total)

[----------] Global test environment tear-down
[==========] 1 test from 1 test suite ran. (0 ms total)
[  PASSED  ] 1 test.
<end of output>
Test time =   0.00 sec
----------------------------------------------------------
Test Passed.
"MD5.IStreamConstructor" end time: May 26 12:58 EDT
"MD5.IStreamConstructor" time elapsed: 00:00:00
----------------------------------------------------------

End testing: May 26 12:58 EDT
